[ 2016-04-15T14:19:01+08:00 ] ::1 /thinkcmfx2.1.0/index.php?g=user&m=index&a=is_login
INFO: [ app_begin ] --START--
INFO: Run Behavior\ReadHtmlCacheBehavior [ RunTime:0.000775s ]
INFO: Run Behavior\CheckLangBehavior [ RunTime:0.001001s ]
INFO: [ app_begin ] --END-- [ RunTime:0.002432s ]
NOTIC: [8] Undefined index: url /Applications/MAMP/htdocs/thinkcmfx2.1.0/application/Common/Controller/AppframeController.class.php 第 24 行.

[ 2016-04-15T14:19:02+08:00 ] ::1 /thinkcmfx2.1.0/index.php?g=user&m=index&a=is_login
INFO: [ app_begin ] --START--
INFO: Run Behavior\ReadHtmlCacheBehavior [ RunTime:0.000998s ]
INFO: Run Behavior\CheckLangBehavior [ RunTime:0.000995s ]
INFO: [ app_begin ] --END-- [ RunTime:0.002834s ]
NOTIC: [8] Undefined index: url /Applications/MAMP/htdocs/thinkcmfx2.1.0/application/Common/Controller/AppframeController.class.php 第 24 行.

[ 2016-04-15T14:19:04+08:00 ] ::1 /thinkcmfx2.1.0/index.php?g=user&m=index&a=is_login
INFO: [ app_begin ] --START--
INFO: Run Behavior\ReadHtmlCacheBehavior [ RunTime:0.000858s ]
INFO: Run Behavior\CheckLangBehavior [ RunTime:0.000922s ]
INFO: [ app_begin ] --END-- [ RunTime:0.002257s ]
NOTIC: [8] Undefined index: url /Applications/MAMP/htdocs/thinkcmfx2.1.0/application/Common/Controller/AppframeController.class.php 第 24 行.

[ 2016-04-15T16:00:36+08:00 ] ::1 /ThinkCMFX2.1.0/index.php?g=user&m=index&a=is_login
INFO: [ app_begin ] --START--
INFO: Run Behavior\ReadHtmlCacheBehavior [ RunTime:0.000538s ]
INFO: Run Behavior\CheckLangBehavior [ RunTime:0.000435s ]
INFO: [ app_begin ] --END-- [ RunTime:0.001465s ]
NOTIC: [8] Undefined index: url /Applications/MAMP/htdocs/ThinkCMFX2.1.0/application/Common/Controller/AppframeController.class.php 第 24 行.

[ 2016-04-15T16:00:38+08:00 ] ::1 /thinkcmfx2.1.0/index.php?g=user&m=index&a=is_login
INFO: [ app_begin ] --START--
INFO: Run Behavior\ReadHtmlCacheBehavior [ RunTime:0.000555s ]
INFO: Run Behavior\CheckLangBehavior [ RunTime:0.000551s ]
INFO: [ app_begin ] --END-- [ RunTime:0.001595s ]
NOTIC: [8] Undefined index: url /Applications/MAMP/htdocs/thinkcmfx2.1.0/application/Common/Controller/AppframeController.class.php 第 24 行.

[ 2016-04-15T16:00:40+08:00 ] ::1 /thinkcmfx2.1.0/index.php?g=user&m=index&a=is_login
INFO: [ app_begin ] --START--
INFO: Run Behavior\ReadHtmlCacheBehavior [ RunTime:0.000462s ]
INFO: Run Behavior\CheckLangBehavior [ RunTime:0.000441s ]
INFO: [ app_begin ] --END-- [ RunTime:0.001240s ]
NOTIC: [8] Undefined index: url /Applications/MAMP/htdocs/thinkcmfx2.1.0/application/Common/Controller/AppframeController.class.php 第 24 行.

[ 2016-04-15T16:01:06+08:00 ] ::1 /thinkcmfx2.1.0/index.php?g=user&m=index&a=is_login
INFO: [ app_begin ] --START--
INFO: Run Behavior\ReadHtmlCacheBehavior [ RunTime:0.000775s ]
INFO: Run Behavior\CheckLangBehavior [ RunTime:0.000644s ]
INFO: [ app_begin ] --END-- [ RunTime:0.002088s ]
NOTIC: [8] Undefined index: url /Applications/MAMP/htdocs/thinkcmfx2.1.0/application/Common/Controller/AppframeController.class.php 第 24 行.

[ 2016-04-15T16:01:07+08:00 ] ::1 /thinkcmfx2.1.0/index.php?g=user&m=index&a=is_login
INFO: [ app_begin ] --START--
INFO: Run Behavior\ReadHtmlCacheBehavior [ RunTime:0.000505s ]
INFO: Run Behavior\CheckLangBehavior [ RunTime:0.000443s ]
INFO: [ app_begin ] --END-- [ RunTime:0.001345s ]
NOTIC: [8] Undefined index: url /Applications/MAMP/htdocs/thinkcmfx2.1.0/application/Common/Controller/AppframeController.class.php 第 24 行.

[ 2016-04-15T16:02:42+08:00 ] ::1 /thinkcmfx2.1.0/index.php?g=user&m=index&a=is_login
INFO: [ app_begin ] --START--
INFO: Run Behavior\ReadHtmlCacheBehavior [ RunTime:0.000823s ]
INFO: Run Behavior\CheckLangBehavior [ RunTime:0.000742s ]
INFO: [ app_begin ] --END-- [ RunTime:0.002252s ]
NOTIC: [8] Undefined index: url /Applications/MAMP/htdocs/thinkcmfx2.1.0/application/Common/Controller/AppframeController.class.php 第 24 行.

[ 2016-04-15T16:02:44+08:00 ] ::1 /thinkcmfx2.1.0/index.php?g=user&m=index&a=is_login
INFO: [ app_begin ] --START--
INFO: Run Behavior\ReadHtmlCacheBehavior [ RunTime:0.000565s ]
INFO: Run Behavior\CheckLangBehavior [ RunTime:0.000489s ]
INFO: [ app_begin ] --END-- [ RunTime:0.001580s ]
NOTIC: [8] Undefined index: url /Applications/MAMP/htdocs/thinkcmfx2.1.0/application/Common/Controller/AppframeController.class.php 第 24 行.

[ 2016-04-15T16:02:45+08:00 ] ::1 /thinkcmfx2.1.0/index.php?g=user&m=index&a=is_login
INFO: [ app_begin ] --START--
INFO: Run Behavior\ReadHtmlCacheBehavior [ RunTime:0.001634s ]
INFO: Run Behavior\CheckLangBehavior [ RunTime:0.001256s ]
INFO: [ app_begin ] --END-- [ RunTime:0.003666s ]
NOTIC: [8] Undefined index: url /Applications/MAMP/htdocs/thinkcmfx2.1.0/application/Common/Controller/AppframeController.class.php 第 24 行.

