[ 2016-04-13T14:39:27+08:00 ] ::1 /ThinkCMFX2.1.0/index.php?g=user&m=index&a=is_login
INFO: [ app_begin ] --START--
INFO: Run Behavior\ReadHtmlCacheBehavior [ RunTime:0.000668s ]
INFO: Run Behavior\CheckLangBehavior [ RunTime:0.000555s ]
INFO: [ app_begin ] --END-- [ RunTime:0.001730s ]
NOTIC: [8] Undefined index: url /Applications/MAMP/htdocs/ThinkCMFX2.1.0/application/Common/Controller/AppframeController.class.php 第 24 行.

[ 2016-04-13T14:39:53+08:00 ] ::1 /thinkcmfx2.1.0/index.php?g=user&m=index&a=is_login
INFO: [ app_begin ] --START--
INFO: Run Behavior\ReadHtmlCacheBehavior [ RunTime:0.000640s ]
INFO: Run Behavior\CheckLangBehavior [ RunTime:0.001086s ]
INFO: [ app_begin ] --END-- [ RunTime:0.002295s ]
NOTIC: [8] Undefined index: url /Applications/MAMP/htdocs/thinkcmfx2.1.0/application/Common/Controller/AppframeController.class.php 第 24 行.

[ 2016-04-13T14:40:00+08:00 ] ::1 /thinkcmfx2.1.0/index.php?g=user&m=index&a=is_login
INFO: [ app_begin ] --START--
INFO: Run Behavior\ReadHtmlCacheBehavior [ RunTime:0.000460s ]
INFO: Run Behavior\CheckLangBehavior [ RunTime:0.000429s ]
INFO: [ app_begin ] --END-- [ RunTime:0.001235s ]
NOTIC: [8] Undefined index: url /Applications/MAMP/htdocs/thinkcmfx2.1.0/application/Common/Controller/AppframeController.class.php 第 24 行.

[ 2016-04-13T15:16:19+08:00 ] ::1 /ThinkCMFX2.1.0/index.php?g=user&m=index&a=is_login
INFO: [ app_begin ] --START--
INFO: Run Behavior\ReadHtmlCacheBehavior [ RunTime:0.001435s ]
INFO: Run Behavior\CheckLangBehavior [ RunTime:0.000520s ]
INFO: [ app_begin ] --END-- [ RunTime:0.002479s ]
NOTIC: [8] Undefined index: url /Applications/MAMP/htdocs/ThinkCMFX2.1.0/application/Common/Controller/AppframeController.class.php 第 24 行.

[ 2016-04-13T15:16:20+08:00 ] ::1 /ThinkCMFX2.1.0/index.php?g=user&m=index&a=is_login
INFO: [ app_begin ] --START--
INFO: Run Behavior\ReadHtmlCacheBehavior [ RunTime:0.000472s ]
INFO: Run Behavior\CheckLangBehavior [ RunTime:0.000416s ]
INFO: [ app_begin ] --END-- [ RunTime:0.001246s ]
NOTIC: [8] Undefined index: url /Applications/MAMP/htdocs/ThinkCMFX2.1.0/application/Common/Controller/AppframeController.class.php 第 24 行.

[ 2016-04-13T15:31:21+08:00 ] ::1 /ThinkCMFX2.1.0/index.php?g=user&m=index&a=is_login
INFO: [ app_begin ] --START--
INFO: Run Behavior\ReadHtmlCacheBehavior [ RunTime:0.000655s ]
INFO: Run Behavior\CheckLangBehavior [ RunTime:0.000547s ]
INFO: [ app_begin ] --END-- [ RunTime:0.001769s ]
NOTIC: [8] Undefined index: url /Applications/MAMP/htdocs/ThinkCMFX2.1.0/application/Common/Controller/AppframeController.class.php 第 24 行.

[ 2016-04-13T15:31:25+08:00 ] ::1 /thinkcmfx2.1.0/index.php?g=user&m=index&a=is_login
INFO: [ app_begin ] --START--
INFO: Run Behavior\ReadHtmlCacheBehavior [ RunTime:0.000765s ]
INFO: Run Behavior\CheckLangBehavior [ RunTime:0.000665s ]
INFO: [ app_begin ] --END-- [ RunTime:0.001826s ]
NOTIC: [8] Undefined index: url /Applications/MAMP/htdocs/thinkcmfx2.1.0/application/Common/Controller/AppframeController.class.php 第 24 行.

[ 2016-04-13T15:31:27+08:00 ] ::1 /ThinkCMFX2.1.0/index.php?g=user&m=index&a=is_login
INFO: [ app_begin ] --START--
INFO: Run Behavior\ReadHtmlCacheBehavior [ RunTime:0.000446s ]
INFO: Run Behavior\CheckLangBehavior [ RunTime:0.000399s ]
INFO: [ app_begin ] --END-- [ RunTime:0.001177s ]
NOTIC: [8] Undefined index: url /Applications/MAMP/htdocs/ThinkCMFX2.1.0/application/Common/Controller/AppframeController.class.php 第 24 行.

[ 2016-04-13T16:36:42+08:00 ] ::1 /ThinkCMFX2.1.0/index.php?g=user&m=index&a=is_login
INFO: [ app_begin ] --START--
INFO: Run Behavior\ReadHtmlCacheBehavior [ RunTime:0.000485s ]
INFO: Run Behavior\CheckLangBehavior [ RunTime:0.000411s ]
INFO: [ app_begin ] --END-- [ RunTime:0.001366s ]
NOTIC: [8] Undefined index: url /Applications/MAMP/htdocs/ThinkCMFX2.1.0/application/Common/Controller/AppframeController.class.php 第 24 行.

[ 2016-04-13T16:36:59+08:00 ] ::1 /ThinkCMFX2.1.0/index.php?g=user&m=index&a=is_login
INFO: [ app_begin ] --START--
INFO: Run Behavior\ReadHtmlCacheBehavior [ RunTime:0.000681s ]
INFO: Run Behavior\CheckLangBehavior [ RunTime:0.000629s ]
INFO: [ app_begin ] --END-- [ RunTime:0.001926s ]
NOTIC: [8] Undefined index: url /Applications/MAMP/htdocs/ThinkCMFX2.1.0/application/Common/Controller/AppframeController.class.php 第 24 行.

[ 2016-04-13T16:37:01+08:00 ] ::1 /thinkcmfx2.1.0/index.php?g=user&m=index&a=is_login
INFO: [ app_begin ] --START--
INFO: Run Behavior\ReadHtmlCacheBehavior [ RunTime:0.000567s ]
INFO: Run Behavior\CheckLangBehavior [ RunTime:0.000520s ]
INFO: [ app_begin ] --END-- [ RunTime:0.001442s ]
NOTIC: [8] Undefined index: url /Applications/MAMP/htdocs/thinkcmfx2.1.0/application/Common/Controller/AppframeController.class.php 第 24 行.

[ 2016-04-13T16:37:11+08:00 ] ::1 /thinkcmfx2.1.0/index.php?g=user&m=index&a=is_login
INFO: [ app_begin ] --START--
INFO: Run Behavior\ReadHtmlCacheBehavior [ RunTime:0.000643s ]
INFO: Run Behavior\CheckLangBehavior [ RunTime:0.000638s ]
INFO: [ app_begin ] --END-- [ RunTime:0.002350s ]
NOTIC: [8] Undefined index: url /Applications/MAMP/htdocs/thinkcmfx2.1.0/application/Common/Controller/AppframeController.class.php 第 24 行.

[ 2016-04-13T16:37:12+08:00 ] ::1 /thinkcmfx2.1.0/index.php?g=user&m=index&a=is_login
INFO: [ app_begin ] --START--
INFO: Run Behavior\ReadHtmlCacheBehavior [ RunTime:0.000478s ]
INFO: Run Behavior\CheckLangBehavior [ RunTime:0.000440s ]
INFO: [ app_begin ] --END-- [ RunTime:0.001300s ]
NOTIC: [8] Undefined index: url /Applications/MAMP/htdocs/thinkcmfx2.1.0/application/Common/Controller/AppframeController.class.php 第 24 行.

[ 2016-04-13T16:37:20+08:00 ] ::1 /ThinkCMFX2.1.0/index.php?g=user&m=index&a=is_login
INFO: [ app_begin ] --START--
INFO: Run Behavior\ReadHtmlCacheBehavior [ RunTime:0.000533s ]
INFO: Run Behavior\CheckLangBehavior [ RunTime:0.000452s ]
INFO: [ app_begin ] --END-- [ RunTime:0.001554s ]
NOTIC: [8] Undefined index: url /Applications/MAMP/htdocs/ThinkCMFX2.1.0/application/Common/Controller/AppframeController.class.php 第 24 行.

[ 2016-04-13T16:37:21+08:00 ] ::1 /thinkcmfx2.1.0/index.php?g=user&m=index&a=is_login
INFO: [ app_begin ] --START--
INFO: Run Behavior\ReadHtmlCacheBehavior [ RunTime:0.000537s ]
INFO: Run Behavior\CheckLangBehavior [ RunTime:0.000527s ]
INFO: [ app_begin ] --END-- [ RunTime:0.001499s ]
NOTIC: [8] Undefined index: url /Applications/MAMP/htdocs/thinkcmfx2.1.0/application/Common/Controller/AppframeController.class.php 第 24 行.

[ 2016-04-13T17:22:40+08:00 ] ::1 /thinkcmfx2.1.0/index.php?g=user&m=index&a=is_login
INFO: [ app_begin ] --START--
INFO: Run Behavior\ReadHtmlCacheBehavior [ RunTime:0.000694s ]
INFO: Run Behavior\CheckLangBehavior [ RunTime:0.000614s ]
INFO: [ app_begin ] --END-- [ RunTime:0.001929s ]
NOTIC: [8] Undefined index: url /Applications/MAMP/htdocs/thinkcmfx2.1.0/application/Common/Controller/AppframeController.class.php 第 24 行.

[ 2016-04-13T17:22:41+08:00 ] ::1 /thinkcmfx2.1.0/index.php?g=user&m=index&a=is_login
INFO: [ app_begin ] --START--
INFO: Run Behavior\ReadHtmlCacheBehavior [ RunTime:0.000464s ]
INFO: Run Behavior\CheckLangBehavior [ RunTime:0.000487s ]
INFO: [ app_begin ] --END-- [ RunTime:0.001325s ]
NOTIC: [8] Undefined index: url /Applications/MAMP/htdocs/thinkcmfx2.1.0/application/Common/Controller/AppframeController.class.php 第 24 行.

[ 2016-04-13T17:22:42+08:00 ] ::1 /thinkcmfx2.1.0/index.php?g=user&m=index&a=is_login
INFO: [ app_begin ] --START--
INFO: Run Behavior\ReadHtmlCacheBehavior [ RunTime:0.000522s ]
INFO: Run Behavior\CheckLangBehavior [ RunTime:0.000713s ]
INFO: [ app_begin ] --END-- [ RunTime:0.001650s ]
NOTIC: [8] Undefined index: url /Applications/MAMP/htdocs/thinkcmfx2.1.0/application/Common/Controller/AppframeController.class.php 第 24 行.

[ 2016-04-13T17:22:44+08:00 ] ::1 /thinkcmfx2.1.0/index.php?g=user&m=index&a=is_login
INFO: [ app_begin ] --START--
INFO: Run Behavior\ReadHtmlCacheBehavior [ RunTime:0.001273s ]
INFO: Run Behavior\CheckLangBehavior [ RunTime:0.000967s ]
INFO: [ app_begin ] --END-- [ RunTime:0.003475s ]
NOTIC: [8] Undefined index: url /Applications/MAMP/htdocs/thinkcmfx2.1.0/application/Common/Controller/AppframeController.class.php 第 24 行.

[ 2016-04-13T17:22:53+08:00 ] ::1 /ThinkCMFX2.1.0/index.php?g=user&m=index&a=is_login
INFO: [ app_begin ] --START--
INFO: Run Behavior\ReadHtmlCacheBehavior [ RunTime:0.001391s ]
INFO: Run Behavior\CheckLangBehavior [ RunTime:0.000753s ]
INFO: [ app_begin ] --END-- [ RunTime:0.002862s ]
NOTIC: [8] Undefined index: url /Applications/MAMP/htdocs/ThinkCMFX2.1.0/application/Common/Controller/AppframeController.class.php 第 24 行.

